{"message":"Url: /articlesList, Date: 00:08:37","level":"info"}
{"message":"Url: /articlesList/article1, Date: 00:08:39","level":"info"}
{"message":"Url: /articlesList2, Date: 00:08:42","level":"info"}
{"message":"Url: /articlesList/article2, Date: 00:08:45","level":"info"}
{"message":"Url: /articlesList/article7, Date: 00:08:47","level":"info"}
{"message":"Url: /articlesList/article2/c, Date: 00:08:51","level":"info"}
{"message":"Url: /articlesListdwa, Date: 00:08:58","level":"info"}
{"message":"Url: /dawdsa, Date: 00:09:01","level":"info"}
{"message":"Url: /articlesList, Date: 00:25:30","level":"info"}
{"message":"Url: /articlesList, Date: 00:26:14","level":"info"}
{"message":"Url: /articlesList, Date: 00:26:37","level":"info"}
{"message":"Url: /articlesList, Date: 00:26:38","level":"info"}
{"message":"Url: /articlesList, Date: 00:27:05","level":"info"}
{"message":"Url: /articlesList, Date: 00:32:56","level":"info"}
{"message":"Url: /articlesList, Date: 00:32:56","level":"info"}
{"message":"Url: /articlesList, Date: 00:33:36","level":"info"}
{"message":"Url: /articlesList, Date: 00:34:05","level":"info"}
{"message":"Url: /articlesList, Date: 00:34:09","level":"info"}
{"message":"Url: /articlesList, Date: 00:34:15","level":"info"}
{"message":"Url: /articlesList, Date: 00:34:39","level":"info"}
{"message":"Url: /articlesList, Date: 00:38:14","level":"info"}
{"message":"Url: /articlesList/dwa, Date: 00:38:21","level":"info"}
{"message":"Url: /articlesList/dwa, Date: 00:38:41","level":"info"}
{"message":"Url: /articlesList, Date: 00:38:41","level":"info"}
{"message":"Url: /articlesList, Date: 00:38:42","level":"info"}
{"message":"Url: /articlesList/dwa, Date: 00:38:46","level":"info"}
{"message":"Url: /articlesList, Date: 00:38:46","level":"info"}
{"message":"Url: /articlesList, Date: 00:39:28","level":"info"}
{"message":"Url: /articlesList/, Date: 00:39:29","level":"info"}
{"message":"Url: /articlesList, Date: 00:39:29","level":"info"}
{"message":"Url: /articlesList/, Date: 00:39:31","level":"info"}
{"message":"Url: /articlesList, Date: 00:39:31","level":"info"}
{"message":"Url: /articlesList/, Date: 00:39:33","level":"info"}
{"message":"Url: /articlesList, Date: 00:39:33","level":"info"}
{"message":"Url: /articlesList/, Date: 00:39:34","level":"info"}
{"message":"Url: /articlesList, Date: 00:39:34","level":"info"}
{"message":"Url: /articlesList/, Date: 00:39:34","level":"info"}
{"message":"Url: /articlesList, Date: 00:39:34","level":"info"}
{"message":"Url: /articlesList/, Date: 00:39:35","level":"info"}
{"message":"Url: /articlesList, Date: 00:39:35","level":"info"}
{"message":"Url: /articlesList/, Date: 00:39:35","level":"info"}
{"message":"Url: /articlesList, Date: 00:39:35","level":"info"}
{"message":"Url: /articlesList/, Date: 00:39:36","level":"info"}
{"message":"Url: /articlesList, Date: 00:39:36","level":"info"}
{"message":"Url: /articlesList/, Date: 00:39:36","level":"info"}
{"message":"Url: /articlesList, Date: 00:39:36","level":"info"}
{"message":"Url: /articlesList/, Date: 00:39:37","level":"info"}
{"message":"Url: /articlesList, Date: 00:39:37","level":"info"}
{"message":"Url: /articlesList/, Date: 00:39:38","level":"info"}
{"message":"Url: /articlesList, Date: 00:39:38","level":"info"}
{"message":"Url: /articlesList/, Date: 00:39:38","level":"info"}
{"message":"Url: /articlesList, Date: 00:39:38","level":"info"}
{"message":"Url: /articlesList, Date: 00:41:57","level":"info"}
{"message":"Url: /articlesList/article6, Date: 00:42:14","level":"info"}
{"message":"Url: /articlesList, Date: 00:42:14","level":"info"}
{"message":"Url: /articlesList, Date: 00:44:48","level":"info"}
{"message":"Url: /articlesList, Date: 00:44:49","level":"info"}
{"message":"Url: /articlesList/article6, Date: 00:45:02","level":"info"}
{"message":"Url: /articlesList, Date: 00:45:02","level":"info"}
{"message":"Url: /articlesList, Date: 00:46:04","level":"info"}
{"message":"Url: /articlesList/article6, Date: 00:46:15","level":"info"}
{"message":"Url: /articlesList, Date: 00:46:15","level":"info"}
{"message":"Url: /articlesList, Date: 00:47:19","level":"info"}
{"message":"Url: /articlesList/article6, Date: 00:47:28","level":"info"}
{"message":"Url: /articlesList, Date: 00:47:28","level":"info"}
{"message":"Url: /articlesList, Date: 00:48:49","level":"info"}
{"message":"Url: /articlesList/article3, Date: 00:49:08","level":"info"}
{"message":"Url: /articlesList, Date: 00:49:08","level":"info"}
{"message":"Url: /articlesList/article3, Date: 00:49:10","level":"info"}
{"message":"Url: /articlesList/article%204, Date: 00:49:35","level":"info"}
{"message":"Url: /articlesList, Date: 00:49:35","level":"info"}
{"message":"Url: /articlesList/article%204, Date: 00:49:36","level":"info"}
{"message":"Url: /articlesList, Date: 00:50:14","level":"info"}
{"message":"Url: /articlesList, Date: 00:50:15","level":"info"}
{"message":"Url: /articlesList/article%204, Date: 00:50:17","level":"info"}
{"message":"Url: /, Date: 00:52:01","level":"info"}
{"message":"Url: /articlesList, Date: 00:52:02","level":"info"}
{"message":"Url: /articlesList/undefined, Date: 00:52:03","level":"info"}
{"message":"Url: /articlesList/undefined, Date: 00:52:06","level":"info"}
{"message":"Url: /articlesList, Date: 00:52:59","level":"info"}
{"message":"Url: /articlesList, Date: 00:53:00","level":"info"}
{"message":"Url: /articlesList/undefined, Date: 00:53:00","level":"info"}
{"message":"Url: /articlesList/undefined, Date: 00:53:02","level":"info"}
{"message":"Url: /articlesList, Date: 00:54:23","level":"info"}
{"message":"Url: /articlesList, Date: 00:54:23","level":"info"}
{"message":"Url: /articlesList/undefined, Date: 00:54:24","level":"info"}
{"message":"Url: /articlesList, Date: 00:54:35","level":"info"}
{"message":"Url: /articlesList, Date: 00:54:36","level":"info"}
{"message":"Url: /articlesList, Date: 00:54:36","level":"info"}
{"message":"Url: /articlesList, Date: 00:54:36","level":"info"}
{"message":"Url: /articlesList/undefined, Date: 00:54:37","level":"info"}
{"message":"Url: /articlesList, Date: 00:55:34","level":"info"}
{"message":"Url: /articlesList, Date: 00:55:34","level":"info"}
{"message":"Url: /articlesList, Date: 00:55:35","level":"info"}
{"message":"Url: /articlesList/undefined, Date: 00:55:35","level":"info"}
{"message":"Url: /articlesList/undefined, Date: 00:55:43","level":"info"}
{"message":"Url: /articlesList, Date: 00:56:07","level":"info"}
{"message":"Url: /articlesList/undefined, Date: 00:56:08","level":"info"}
{"message":"Url: /articlesList/undefined, Date: 00:56:23","level":"info"}
{"message":"Url: /articlesList/undefined, Date: 00:56:24","level":"info"}
{"message":"Url: /articlesList/undefined, Date: 00:56:24","level":"info"}
{"message":"Url: /articlesList/undefined, Date: 00:56:25","level":"info"}
{"message":"Url: /articlesList/undefined, Date: 00:56:26","level":"info"}
{"message":"Url: /articlesList/undefined, Date: 00:56:35","level":"info"}
{"message":"Url: /articlesList, Date: 00:57:07","level":"info"}
{"message":"Url: /articlesList/article1, Date: 00:57:08","level":"info"}
{"message":"Url: /articlesList, Date: 00:57:25","level":"info"}
{"message":"Url: /articlesList, Date: 00:57:26","level":"info"}
{"message":"Url: /articlesList/article1, Date: 00:57:26","level":"info"}
{"message":"Url: /articlesList/article2, Date: 00:57:28","level":"info"}
{"message":"Url: /articlesList/article221, Date: 00:57:30","level":"info"}
{"message":"Url: /articlesList/article3, Date: 00:57:41","level":"info"}
{"message":"Url: /articlesList, Date: 00:57:41","level":"info"}
{"message":"Url: /articlesList/article3, Date: 00:57:43","level":"info"}
{"message":"Url: /articlesList/article2, Date: 00:57:44","level":"info"}
{"message":"Url: /articlesList/article1, Date: 00:57:45","level":"info"}
{"message":"Url: /, Date: 00:57:48","level":"info"}
{"message":"Url: /articlesList, Date: 00:57:49","level":"info"}
{"message":"Url: /articlesList, Date: 00:59:30","level":"info"}
{"message":"Url: /articlesList/article%204, Date: 00:59:42","level":"info"}
{"message":"Url: /articlesList, Date: 00:59:48","level":"info"}
{"message":"Url: /articlesList, Date: 01:00:11","level":"info"}
{"message":"Url: /articlesList, Date: 01:00:12","level":"info"}
{"message":"Url: /articlesList, Date: 01:00:12","level":"info"}
{"message":"Url: /articlesList, Date: 01:00:12","level":"info"}
{"message":"Url: /articlesList/article%204, Date: 01:00:13","level":"info"}
{"message":"Url: /articlesList/article5, Date: 01:00:24","level":"info"}
{"message":"Url: /articlesList, Date: 01:00:24","level":"info"}
{"message":"Url: /articlesList/article5, Date: 01:00:25","level":"info"}
